PROBLEM #1: Problem while attaching disk to the VM.
-------
$ vagrant up
Bringing machine 'default' up with 'virtualbox' provider...
==> default: Checking if box 'ubuntu/trusty64' is up to date...
==> default: A newer version of the box 'ubuntu/trusty64' is available! You currently
==> default: have version '20160406.0.0'. The latest is version '20160519.0.2'. Run
==> default: `vagrant box update` to update.
==> default: already has the SATAController hdd controller
==> default: attaching storage to SATAController
==> default: Creating sdb.vmdk
/opt/vagrant/embedded/gems/gems/vagrant-1.8.1/lib/vagrant/util/subprocess.rb:28:in `block in initialize': undefined method `encode' for 1024:Fixnum (NoMethodError)
	from /opt/vagrant/embedded/gems/gems/vagrant-1.8.1/lib/vagrant/util/subprocess.rb:28:in `map'
	from /opt/vagrant/embedded/gems/gems/vagrant-1.8.1/lib/vagrant/util/subprocess.rb:28:in `initialize'
	from /opt/vagrant/embedded/gems/gems/vagrant-1.8.1/lib/vagrant/util/subprocess.rb:22:in `new'
	from /opt/vagrant/embedded/gems/gems/vagrant-1.8.1/lib/vagrant/util/subprocess.rb:22:in `execute'
	from /opt/vagrant/embedded/gems/gems/vagrant-1.8.1/plugins/providers/virtualbox/driver/base.rb:430:in `block in raw'
	from /opt/vagrant/embedded/gems/gems/vagrant-1.8.1/lib/vagrant/util/busy.rb:19:in `busy'
	from /opt/vagrant/embedded/gems/gems/vagrant-1.8.1/plugins/providers/virtualbox/driver/base.rb:429:in `raw'
	from /opt/vagrant/embedded/gems/gems/vagrant-1.8.1/plugins/providers/virtualbox/driver/base.rb:367:in `block in execute'
	from /opt/vagrant/embedded/gems/gems/vagrant-1.8.1/lib/vagrant/util/retryable.rb:17:in `retryable'
	from /opt/vagrant/embedded/gems/gems/vagrant-1.8.1/plugins/providers/virtualbox/driver/base.rb:362:in `execute'
	from /Users/mkarpiarz/Vagrant/Ubuntu-14.04/Vagrantfile:39:in `block in call'
	from /Users/mkarpiarz/Vagrant/Ubuntu-14.04/Vagrantfile:34:in `each'
	from /Users/mkarpiarz/Vagrant/Ubuntu-14.04/Vagrantfile:34:in `call'
	from /opt/vagrant/embedded/gems/gems/vagrant-1.8.1/lib/vagrant/action/warden.rb:34:in `call'
	from /opt/vagrant/embedded/gems/gems/vagrant-1.8.1/plugins/providers/virtualbox/action/clean_machine_folder.rb:17:in `call'
	from /opt/vagrant/embedded/gems/gems/vagrant-1.8.1/lib/vagrant/action/warden.rb:34:in `call'
	from /opt/vagrant/embedded/gems/gems/vagrant-1.8.1/plugins/providers/virtualbox/action/check_accessible.rb:18:in `call'
	from /opt/vagrant/embedded/gems/gems/vagrant-1.8.1/lib/vagrant/action/warden.rb:34:in `call'
	from /opt/vagrant/embedded/gems/gems/vagrant-1.8.1/lib/vagrant/action/warden.rb:95:in `block in finalize_action'
	from /opt/vagrant/embedded/gems/gems/vagrant-1.8.1/lib/vagrant/action/warden.rb:34:in `call'
	from /opt/vagrant/embedded/gems/gems/vagrant-1.8.1/lib/vagrant/action/warden.rb:34:in `call'
	from /opt/vagrant/embedded/gems/gems/vagrant-1.8.1/lib/vagrant/action/builder.rb:116:in `call'
	from /opt/vagrant/embedded/gems/gems/vagrant-1.8.1/lib/vagrant/action/runner.rb:66:in `block in run'
	from /opt/vagrant/embedded/gems/gems/vagrant-1.8.1/lib/vagrant/util/busy.rb:19:in `busy'
	from /opt/vagrant/embedded/gems/gems/vagrant-1.8.1/lib/vagrant/action/runner.rb:66:in `run'
	from /opt/vagrant/embedded/gems/gems/vagrant-1.8.1/lib/vagrant/action/builtin/call.rb:53:in `call'
	from /opt/vagrant/embedded/gems/gems/vagrant-1.8.1/lib/vagrant/action/warden.rb:34:in `call'
	from /opt/vagrant/embedded/gems/gems/vagrant-1.8.1/lib/vagrant/action/warden.rb:95:in `block in finalize_action'
	from /opt/vagrant/embedded/gems/gems/vagrant-1.8.1/lib/vagrant/action/warden.rb:34:in `call'
	from /opt/vagrant/embedded/gems/gems/vagrant-1.8.1/lib/vagrant/action/warden.rb:34:in `call'
	from /opt/vagrant/embedded/gems/gems/vagrant-1.8.1/lib/vagrant/action/builder.rb:116:in `call'
	from /opt/vagrant/embedded/gems/gems/vagrant-1.8.1/lib/vagrant/action/runner.rb:66:in `block in run'
	from /opt/vagrant/embedded/gems/gems/vagrant-1.8.1/lib/vagrant/util/busy.rb:19:in `busy'
	from /opt/vagrant/embedded/gems/gems/vagrant-1.8.1/lib/vagrant/action/runner.rb:66:in `run'
	from /opt/vagrant/embedded/gems/gems/vagrant-1.8.1/lib/vagrant/action/builtin/call.rb:53:in `call'
	from /opt/vagrant/embedded/gems/gems/vagrant-1.8.1/lib/vagrant/action/warden.rb:34:in `call'
	from /opt/vagrant/embedded/gems/gems/vagrant-1.8.1/lib/vagrant/action/warden.rb:95:in `block in finalize_action'
	from /opt/vagrant/embedded/gems/gems/vagrant-1.8.1/lib/vagrant/action/warden.rb:34:in `call'
	from /opt/vagrant/embedded/gems/gems/vagrant-1.8.1/lib/vagrant/action/warden.rb:34:in `call'
	from /opt/vagrant/embedded/gems/gems/vagrant-1.8.1/lib/vagrant/action/builder.rb:116:in `call'
	from /opt/vagrant/embedded/gems/gems/vagrant-1.8.1/lib/vagrant/action/runner.rb:66:in `block in run'
	from /opt/vagrant/embedded/gems/gems/vagrant-1.8.1/lib/vagrant/util/busy.rb:19:in `busy'
	from /opt/vagrant/embedded/gems/gems/vagrant-1.8.1/lib/vagrant/action/runner.rb:66:in `run'
	from /opt/vagrant/embedded/gems/gems/vagrant-1.8.1/lib/vagrant/action/builtin/call.rb:53:in `call'
	from /opt/vagrant/embedded/gems/gems/vagrant-1.8.1/lib/vagrant/action/warden.rb:34:in `call'
	from /opt/vagrant/embedded/gems/gems/vagrant-1.8.1/lib/vagrant/action/builtin/box_check_outdated.rb:78:in `call'
	from /opt/vagrant/embedded/gems/gems/vagrant-1.8.1/lib/vagrant/action/warden.rb:34:in `call'
	from /opt/vagrant/embedded/gems/gems/vagrant-1.8.1/lib/vagrant/action/builtin/config_validate.rb:25:in `call'
	from /opt/vagrant/embedded/gems/gems/vagrant-1.8.1/lib/vagrant/action/warden.rb:34:in `call'
	from /opt/vagrant/embedded/gems/gems/vagrant-1.8.1/plugins/providers/virtualbox/action/check_virtualbox.rb:17:in `call'
	from /opt/vagrant/embedded/gems/gems/vagrant-1.8.1/lib/vagrant/action/warden.rb:34:in `call'
	from /opt/vagrant/embedded/gems/gems/vagrant-1.8.1/lib/vagrant/action/warden.rb:95:in `block in finalize_action'
	from /opt/vagrant/embedded/gems/gems/vagrant-1.8.1/lib/vagrant/action/warden.rb:34:in `call'
	from /opt/vagrant/embedded/gems/gems/vagrant-1.8.1/lib/vagrant/action/warden.rb:34:in `call'
	from /opt/vagrant/embedded/gems/gems/vagrant-1.8.1/lib/vagrant/action/warden.rb:95:in `block in finalize_action'
	from /opt/vagrant/embedded/gems/gems/vagrant-1.8.1/lib/vagrant/action/warden.rb:34:in `call'
	from /opt/vagrant/embedded/gems/gems/vagrant-1.8.1/lib/vagrant/action/warden.rb:34:in `call'
	from /opt/vagrant/embedded/gems/gems/vagrant-1.8.1/lib/vagrant/action/builder.rb:116:in `call'
	from /opt/vagrant/embedded/gems/gems/vagrant-1.8.1/lib/vagrant/action/runner.rb:66:in `block in run'
	from /opt/vagrant/embedded/gems/gems/vagrant-1.8.1/lib/vagrant/util/busy.rb:19:in `busy'
	from /opt/vagrant/embedded/gems/gems/vagrant-1.8.1/lib/vagrant/action/runner.rb:66:in `run'
	from /opt/vagrant/embedded/gems/gems/vagrant-1.8.1/lib/vagrant/action/builtin/call.rb:53:in `call'
	from /opt/vagrant/embedded/gems/gems/vagrant-1.8.1/lib/vagrant/action/warden.rb:34:in `call'
	from /opt/vagrant/embedded/gems/gems/vagrant-1.8.1/lib/vagrant/action/builtin/config_validate.rb:25:in `call'
	from /opt/vagrant/embedded/gems/gems/vagrant-1.8.1/lib/vagrant/action/warden.rb:34:in `call'
	from /opt/vagrant/embedded/gems/gems/vagrant-1.8.1/lib/vagrant/action/warden.rb:95:in `block in finalize_action'
	from /opt/vagrant/embedded/gems/gems/vagrant-1.8.1/lib/vagrant/action/warden.rb:34:in `call'
	from /opt/vagrant/embedded/gems/gems/vagrant-1.8.1/lib/vagrant/action/warden.rb:34:in `call'
	from /opt/vagrant/embedded/gems/gems/vagrant-1.8.1/lib/vagrant/action/warden.rb:95:in `block in finalize_action'
	from /opt/vagrant/embedded/gems/gems/vagrant-1.8.1/lib/vagrant/action/warden.rb:34:in `call'
	from /opt/vagrant/embedded/gems/gems/vagrant-1.8.1/lib/vagrant/action/warden.rb:34:in `call'
	from /opt/vagrant/embedded/gems/gems/vagrant-1.8.1/lib/vagrant/action/builder.rb:116:in `call'
	from /opt/vagrant/embedded/gems/gems/vagrant-1.8.1/lib/vagrant/action/runner.rb:66:in `block in run'
	from /opt/vagrant/embedded/gems/gems/vagrant-1.8.1/lib/vagrant/util/busy.rb:19:in `busy'
	from /opt/vagrant/embedded/gems/gems/vagrant-1.8.1/lib/vagrant/action/runner.rb:66:in `run'
	from /opt/vagrant/embedded/gems/gems/vagrant-1.8.1/lib/vagrant/action/builtin/call.rb:53:in `call'
	from /opt/vagrant/embedded/gems/gems/vagrant-1.8.1/lib/vagrant/action/warden.rb:34:in `call'
	from /opt/vagrant/embedded/gems/gems/vagrant-1.8.1/plugins/providers/virtualbox/action/check_virtualbox.rb:17:in `call'
	from /opt/vagrant/embedded/gems/gems/vagrant-1.8.1/lib/vagrant/action/warden.rb:34:in `call'
	from /opt/vagrant/embedded/gems/gems/vagrant-1.8.1/lib/vagrant/action/builder.rb:116:in `call'
	from /opt/vagrant/embedded/gems/gems/vagrant-1.8.1/lib/vagrant/action/runner.rb:66:in `block in run'
	from /opt/vagrant/embedded/gems/gems/vagrant-1.8.1/lib/vagrant/util/busy.rb:19:in `busy'
	from /opt/vagrant/embedded/gems/gems/vagrant-1.8.1/lib/vagrant/action/runner.rb:66:in `run'
	from /opt/vagrant/embedded/gems/gems/vagrant-1.8.1/lib/vagrant/machine.rb:224:in `action_raw'
	from /opt/vagrant/embedded/gems/gems/vagrant-1.8.1/lib/vagrant/machine.rb:199:in `block in action'
	from /opt/vagrant/embedded/gems/gems/vagrant-1.8.1/lib/vagrant/environment.rb:561:in `lock'
	from /opt/vagrant/embedded/gems/gems/vagrant-1.8.1/lib/vagrant/machine.rb:185:in `call'
	from /opt/vagrant/embedded/gems/gems/vagrant-1.8.1/lib/vagrant/machine.rb:185:in `action'
	from /opt/vagrant/embedded/gems/gems/vagrant-1.8.1/lib/vagrant/batch_action.rb:82:in `block (2 levels) in run'
-------

SOLUTION #1: Apparently, the "driver.execute" function requires all the arguments to be strings:
https://gist.github.com/leifg/4713995#gistcomment-1615077
